0 info it worked if it ends with ok
1 verbose cli [ '/Users/roshan/.nvm/versions/node/v7.7.4/bin/node',
1 verbose cli   '/Users/roshan/.nvm/versions/node/v7.7.4/bin/npm',
1 verbose cli   'run',
1 verbose cli   'build' ]
2 info using npm@4.1.2
3 info using node@v7.7.4
4 verbose run-script [ 'prebuild', 'build', 'postbuild' ]
5 info lifecycle first-contributions@0.1.0~prebuild: first-contributions@0.1.0
6 silly lifecycle first-contributions@0.1.0~prebuild: no script for prebuild, continuing
7 info lifecycle first-contributions@0.1.0~build: first-contributions@0.1.0
8 verbose lifecycle first-contributions@0.1.0~build: unsafe-perm in lifecycle true
9 verbose lifecycle first-contributions@0.1.0~build: PATH: /Users/roshan/.nvm/versions/node/v7.7.4/lib/node_modules/npm/bin/node-gyp-bin:/Users/roshan/open/first-contributions/app/node_modules/.bin:/Users/roshan/.rvm/gems/ruby-2.1.5/bin:/Users/roshan/.rvm/gems/ruby-2.1.5@global/bin:/Users/roshan/.rvm/rubies/ruby-2.1.5/bin:/Library/Java/JavaVirtualMachines/jdk1.7.0_80.jdk/Contents/Home/bin:/Users/roshan/.nvm/versions/node/v7.7.4/bin:/usr/local/sbin:/usr/local/bin:/usr/sbin:/usr/bin:/sbin:/bin:/usr/games:/usr/local/games:/Users/roshan/.rvm/bin:/Users/roshan/Library/Android/sdk:/Users/roshan/Library/Android/sdk/tools:/Users/roshan/Library/Android/sdk/platorm-tools:/Applications/Postgres.app/Contents/Versions/latest/bin
10 verbose lifecycle first-contributions@0.1.0~build: CWD: /Users/roshan/open/first-contributions/app
11 silly lifecycle first-contributions@0.1.0~build: Args: [ '-c',
11 silly lifecycle   'react-scripts build && cp manifest.json build/ && sw-precache --root=\'build/\' --static-file-globs=\'build/**/!(*map*)\'' ]
12 silly lifecycle first-contributions@0.1.0~build: Returned: code: 1  signal: null
13 info lifecycle first-contributions@0.1.0~build: Failed to exec build script
14 verbose stack Error: first-contributions@0.1.0 build: `react-scripts build && cp manifest.json build/ && sw-precache --root='build/' --static-file-globs='build/**/!(*map*)'`
14 verbose stack Exit status 1
14 verbose stack     at EventEmitter.<anonymous> (/Users/roshan/.nvm/versions/node/v7.7.4/lib/node_modules/npm/lib/utils/lifecycle.js:279:16)
14 verbose stack     at emitTwo (events.js:106:13)
14 verbose stack     at EventEmitter.emit (events.js:194:7)
14 verbose stack     at ChildProcess.<anonymous> (/Users/roshan/.nvm/versions/node/v7.7.4/lib/node_modules/npm/lib/utils/spawn.js:40:14)
14 verbose stack     at emitTwo (events.js:106:13)
14 verbose stack     at ChildProcess.emit (events.js:194:7)
14 verbose stack     at maybeClose (internal/child_process.js:899:16)
14 verbose stack     at Process.ChildProcess._handle.onexit (internal/child_process.js:226:5)
15 verbose pkgid first-contributions@0.1.0
16 verbose cwd /Users/roshan/open/first-contributions/app/public
17 error Darwin 16.4.0
18 error argv "/Users/roshan/.nvm/versions/node/v7.7.4/bin/node" "/Users/roshan/.nvm/versions/node/v7.7.4/bin/npm" "run" "build"
19 error node v7.7.4
20 error npm  v4.1.2
21 error code ELIFECYCLE
22 error first-contributions@0.1.0 build: `react-scripts build && cp manifest.json build/ && sw-precache --root='build/' --static-file-globs='build/**/!(*map*)'`
22 error Exit status 1
23 error Failed at the first-contributions@0.1.0 build script 'react-scripts build && cp manifest.json build/ && sw-precache --root='build/' --static-file-globs='build/**/!(*map*)''.
23 error Make sure you have the latest version of node.js and npm installed.
23 error If you do, this is most likely a problem with the first-contributions package,
23 error not with npm itself.
23 error Tell the author that this fails on your system:
23 error     react-scripts build && cp manifest.json build/ && sw-precache --root='build/' --static-file-globs='build/**/!(*map*)'
23 error You can get information on how to open an issue for this project with:
23 error     npm bugs first-contributions
23 error Or if that isn't available, you can get their info via:
23 error     npm owner ls first-contributions
23 error There is likely additional logging output above.
24 verbose exit [ 1, true ]
